Analysis & Synthesis report for clock_divider
Fri Mar 08 20:28:38 2019
Quartus Prime Version 17.1.0 Build 590 10/25/2017 SJ Lite Edition


---------------------
; Table of Contents ;
---------------------
  1. Legal Notice
  2. Analysis & Synthesis Summary
  3. Analysis & Synthesis Settings
  4. Parallel Compilation
  5. Analysis & Synthesis Source Files Read
  6. Analysis & Synthesis Resource Usage Summary
  7. Analysis & Synthesis Resource Utilization by Entity
  8. General Register Statistics
  9. Parameter Settings for User Entity Instance: dividern:div
 10. Parameter Settings for User Entity Instance: dividern:div|CounterNBit:clk_Counter
 11. Parameter Settings for User Entity Instance: dividern:div|CounterNBit:pwm_Counter
 12. Port Connectivity Checks: "dividern:div|Comparator32Bit:clk_compare"
 13. Port Connectivity Checks: "dividern:div"
 14. Post-Synthesis Netlist Statistics for Top Partition
 15. Elapsed Time Per Partition
 16. Analysis & Synthesis Messages



----------------
; Legal Notice ;
----------------
Copyright (C) 2017  Intel Corporation. All rights reserved.
Your use of Intel Corporation's design tools, logic functions 
and other software and tools, and its AMPP partner logic 
functions, and any output files from any of the foregoing 
(including device programming or simulation files), and any 
associated documentation or information are expressly subject 
to the terms and conditions of the Intel Program License 
Subscription Agreement, the Intel Quartus Prime License Agreement,
the Intel FPGA IP License Agreement, or other applicable license
agreement, including, without limitation, that your use is for
the sole purpose of programming logic devices manufactured by
Intel and sold by Intel or its authorized distributors.  Please
refer to the applicable agreement for further details.



+-------------------------------------------------------------------------------+
; Analysis & Synthesis Summary                                                  ;
+---------------------------------+---------------------------------------------+
; Analysis & Synthesis Status     ; Successful - Fri Mar 08 20:28:38 2019       ;
; Quartus Prime Version           ; 17.1.0 Build 590 10/25/2017 SJ Lite Edition ;
; Revision Name                   ; clock_divider                               ;
; Top-level Entity Name           ; clock_divider2                              ;
; Family                          ; Cyclone V                                   ;
; Logic utilization (in ALMs)     ; N/A                                         ;
; Total registers                 ; 65                                          ;
; Total pins                      ; 37                                          ;
; Total virtual pins              ; 0                                           ;
; Total block memory bits         ; 0                                           ;
; Total DSP Blocks                ; 0                                           ;
; Total HSSI RX PCSs              ; 0                                           ;
; Total HSSI PMA RX Deserializers ; 0                                           ;
; Total HSSI TX PCSs              ; 0                                           ;
; Total HSSI PMA TX Serializers   ; 0                                           ;
; Total PLLs                      ; 0                                           ;
; Total DLLs                      ; 0                                           ;
+---------------------------------+---------------------------------------------+


+---------------------------------------------------------------------------------------------------------------------------+
; Analysis & Synthesis Settings                                                                                             ;
+---------------------------------------------------------------------------------+--------------------+--------------------+
; Option                                                                          ; Setting            ; Default Value      ;
+---------------------------------------------------------------------------------+--------------------+--------------------+
; Device                                                                          ; 5CSEMA5F31C6       ;                    ;
; Top-level entity name                                                           ; clock_divider2     ; clock_divider      ;
; Family name                                                                     ; Cyclone V          ; Cyclone V          ;
; Use smart compilation                                                           ; Off                ; Off                ;
; Enable parallel Assembler and TimeQuest Timing Analyzer during compilation      ; On                 ; On                 ;
; Enable compact report table                                                     ; Off                ; Off                ;
; Restructure Multiplexers                                                        ; Auto               ; Auto               ;
; MLAB Add Timing Constraints For Mixed-Port Feed-Through Mode Setting Don't Care ; Off                ; Off                ;
; Create Debugging Nodes for IP Cores                                             ; Off                ; Off                ;
; Preserve fewer node names                                                       ; On                 ; On                 ;
; Intel FPGA IP Evaluation Mode                                                   ; Enable             ; Enable             ;
; Verilog Version                                                                 ; Verilog_2001       ; Verilog_2001       ;
; VHDL Version                                                                    ; VHDL_1993          ; VHDL_1993          ;
; State Machine Processing                                                        ; Auto               ; Auto               ;
; Safe State Machine                                                              ; Off                ; Off                ;
; Extract Verilog State Machines                                                  ; On                 ; On                 ;
; Extract VHDL State Machines                                                     ; On                 ; On                 ;
; Ignore Verilog initial constructs                                               ; Off                ; Off                ;
; Iteration limit for constant Verilog loops                                      ; 5000               ; 5000               ;
; Iteration limit for non-constant Verilog loops                                  ; 250                ; 250                ;
; Add Pass-Through Logic to Inferred RAMs                                         ; On                 ; On                 ;
; Infer RAMs from Raw Logic                                                       ; On                 ; On                 ;
; Parallel Synthesis                                                              ; On                 ; On                 ;
; DSP Block Balancing                                                             ; Auto               ; Auto               ;
; NOT Gate Push-Back                                                              ; On                 ; On                 ;
; Power-Up Don't Care                                                             ; On                 ; On                 ;
; Remove Redundant Logic Cells                                                    ; Off                ; Off                ;
; Remove Duplicate Registers                                                      ; On                 ; On                 ;
; Ignore CARRY Buffers                                                            ; Off                ; Off                ;
; Ignore CASCADE Buffers                                                          ; Off                ; Off                ;
; Ignore GLOBAL Buffers                                                           ; Off                ; Off                ;
; Ignore ROW GLOBAL Buffers                                                       ; Off                ; Off                ;
; Ignore LCELL Buffers                                                            ; Off                ; Off                ;
; Ignore SOFT Buffers                                                             ; On                 ; On                 ;
; Limit AHDL Integers to 32 Bits                                                  ; Off                ; Off                ;
; Optimization Technique                                                          ; Balanced           ; Balanced           ;
; Carry Chain Length                                                              ; 70                 ; 70                 ;
; Auto Carry Chains                                                               ; On                 ; On                 ;
; Auto Open-Drain Pins                                                            ; On                 ; On                 ;
; Perform WYSIWYG Primitive Resynthesis                                           ; Off                ; Off                ;
; Auto ROM Replacement                                                            ; On                 ; On                 ;
; Auto RAM Replacement                                                            ; On                 ; On                 ;
; Auto DSP Block Replacement                                                      ; On                 ; On                 ;
; Auto Shift Register Replacement                                                 ; Auto               ; Auto               ;
; Allow Shift Register Merging across Hierarchies                                 ; Auto               ; Auto               ;
; Auto Clock Enable Replacement                                                   ; On                 ; On                 ;
; Strict RAM Replacement                                                          ; Off                ; Off                ;
; Allow Synchronous Control Signals                                               ; On                 ; On                 ;
; Force Use of Synchronous Clear Signals                                          ; Off                ; Off                ;
; Auto Resource Sharing                                                           ; Off                ; Off                ;
; Allow Any RAM Size For Recognition                                              ; Off                ; Off                ;
; Allow Any ROM Size For Recognition                                              ; Off                ; Off                ;
; Allow Any Shift Register Size For Recognition                                   ; Off                ; Off                ;
; Use LogicLock Constraints during Resource Balancing                             ; On                 ; On                 ;
; Ignore translate_off and synthesis_off directives                               ; Off                ; Off                ;
; Timing-Driven Synthesis                                                         ; On                 ; On                 ;
; Report Parameter Settings                                                       ; On                 ; On                 ;
; Report Source Assignments                                                       ; On                 ; On                 ;
; Report Connectivity Checks                                                      ; On                 ; On                 ;
; Ignore Maximum Fan-Out Assignments                                              ; Off                ; Off                ;
; Synchronization Register Chain Length                                           ; 3                  ; 3                  ;
; Power Optimization During Synthesis                                             ; Normal compilation ; Normal compilation ;
; HDL message level                                                               ; Level2             ; Level2             ;
; Suppress Register Optimization Related Messages                                 ; Off                ; Off                ;
; Number of Removed Registers Reported in Synthesis Report                        ; 5000               ; 5000               ;
; Number of Swept Nodes Reported in Synthesis Report                              ; 5000               ; 5000               ;
; Number of Inverted Registers Reported in Synthesis Report                       ; 100                ; 100                ;
; Clock MUX Protection                                                            ; On                 ; On                 ;
; Auto Gated Clock Conversion                                                     ; Off                ; Off                ;
; Block Design Naming                                                             ; Auto               ; Auto               ;
; SDC constraint protection                                                       ; Off                ; Off                ;
; Synthesis Effort                                                                ; Auto               ; Auto               ;
; Shift Register Replacement - Allow Asynchronous Clear Signal                    ; On                 ; On                 ;
; Pre-Mapping Resynthesis Optimization                                            ; Off                ; Off                ;
; Analysis & Synthesis Message Level                                              ; Medium             ; Medium             ;
; Disable Register Merging Across Hierarchies                                     ; Auto               ; Auto               ;
; Resource Aware Inference For Block RAM                                          ; On                 ; On                 ;
; Automatic Parallel Synthesis                                                    ; On                 ; On                 ;
; Partial Reconfiguration Bitstream ID                                            ; Off                ; Off                ;
+---------------------------------------------------------------------------------+--------------------+--------------------+


+------------------------------------------+
; Parallel Compilation                     ;
+----------------------------+-------------+
; Processors                 ; Number      ;
+----------------------------+-------------+
; Number detected on machine ; 4           ;
; Maximum allowed            ; 2           ;
;                            ;             ;
; Average used               ; 1.00        ;
; Maximum used               ; 2           ;
;                            ;             ;
; Usage by Processor         ; % Time Used ;
;     Processor 1            ; 100.0%      ;
;     Processor 2            ;   0.0%      ;
+----------------------------+-------------+


+--------------------------------------------------------------------------------------------------------------------------------------------------------------------+
; Analysis & Synthesis Source Files Read                                                                                                                             ;
+----------------------------------+-----------------+------------------------+----------------------------------------------------------------------------+---------+
; File Name with User-Entered Path ; Used in Netlist ; File Type              ; File Name with Absolute Path                                               ; Library ;
+----------------------------------+-----------------+------------------------+----------------------------------------------------------------------------+---------+
; dividern.v                       ; yes             ; User Verilog HDL File  ; C:/Users/Kasem/Documents/Quartus_Projects/clock_divider2/dividern.v        ;         ;
; CounterNBit.v                    ; yes             ; User Verilog HDL File  ; C:/Users/Kasem/Documents/Quartus_Projects/clock_divider2/CounterNBit.v     ;         ;
; Comparator32Bit.v                ; yes             ; User Verilog HDL File  ; C:/Users/Kasem/Documents/Quartus_Projects/clock_divider2/Comparator32Bit.v ;         ;
; clock_divider2.v                 ; yes             ; User Verilog HDL File  ; C:/Users/Kasem/Documents/Quartus_Projects/clock_divider2/clock_divider2.v  ;         ;
+----------------------------------+-----------------+------------------------+----------------------------------------------------------------------------+---------+


+-------------------------------------------------------------+
; Analysis & Synthesis Resource Usage Summary                 ;
+---------------------------------------------+---------------+
; Resource                                    ; Usage         ;
+---------------------------------------------+---------------+
; Estimate of Logic utilization (ALMs needed) ; 46            ;
;                                             ;               ;
; Combinational ALUT usage for logic          ; 80            ;
;     -- 7 input functions                    ; 0             ;
;     -- 6 input functions                    ; 11            ;
;     -- 5 input functions                    ; 3             ;
;     -- 4 input functions                    ; 1             ;
;     -- <=3 input functions                  ; 65            ;
;                                             ;               ;
; Dedicated logic registers                   ; 65            ;
;                                             ;               ;
; I/O pins                                    ; 37            ;
;                                             ;               ;
; Total DSP Blocks                            ; 0             ;
;                                             ;               ;
; Maximum fan-out node                        ; in_clkt~input ;
; Maximum fan-out                             ; 65            ;
; Total fan-out                               ; 606           ;
; Average fan-out                             ; 2.77          ;
+---------------------------------------------+---------------+


+------------------------------------------------------------------------------------------------------------------------------------------------------------------------------------------------------------------------------------------+
; Analysis & Synthesis Resource Utilization by Entity                                                                                                                                                                                      ;
+-------------------------------------+---------------------+---------------------------+-------------------+------------+------+--------------+----------------------------------------------------------+-----------------+--------------+
; Compilation Hierarchy Node          ; Combinational ALUTs ; Dedicated Logic Registers ; Block Memory Bits ; DSP Blocks ; Pins ; Virtual Pins ; Full Hierarchy Name                                      ; Entity Name     ; Library Name ;
+-------------------------------------+---------------------+---------------------------+-------------------+------------+------+--------------+----------------------------------------------------------+-----------------+--------------+
; |clock_divider2                     ; 80 (0)              ; 65 (0)                    ; 0                 ; 0          ; 37   ; 0            ; |clock_divider2                                          ; clock_divider2  ; work         ;
;    |dividern:div|                   ; 80 (7)              ; 65 (1)                    ; 0                 ; 0          ; 0    ; 0            ; |clock_divider2|dividern:div                             ; dividern        ; work         ;
;       |Comparator32Bit:clk_compare| ; 7 (7)               ; 0 (0)                     ; 0                 ; 0          ; 0    ; 0            ; |clock_divider2|dividern:div|Comparator32Bit:clk_compare ; Comparator32Bit ; work         ;
;       |CounterNBit:clk_Counter|     ; 32 (32)             ; 32 (32)                   ; 0                 ; 0          ; 0    ; 0            ; |clock_divider2|dividern:div|CounterNBit:clk_Counter     ; CounterNBit     ; work         ;
;       |CounterNBit:pwm_Counter|     ; 34 (34)             ; 32 (32)                   ; 0                 ; 0          ; 0    ; 0            ; |clock_divider2|dividern:div|CounterNBit:pwm_Counter     ; CounterNBit     ; work         ;
+-------------------------------------+---------------------+---------------------------+-------------------+------------+------+--------------+----------------------------------------------------------+-----------------+--------------+
Note: For table entries with two numbers listed, the numbers in parentheses indicate the number of resources of the given type used by the specific entity alone. The numbers listed outside of parentheses indicate the total resources of the given type used by the specific entity and all of its sub-entities in the hierarchy.


+------------------------------------------------------+
; General Register Statistics                          ;
+----------------------------------------------+-------+
; Statistic                                    ; Value ;
+----------------------------------------------+-------+
; Total registers                              ; 65    ;
; Number of registers using Synchronous Clear  ; 64    ;
; Number of registers using Synchronous Load   ; 0     ;
; Number of registers using Asynchronous Clear ; 64    ;
; Number of registers using Asynchronous Load  ; 0     ;
; Number of registers using Clock Enable       ; 64    ;
; Number of registers using Preset             ; 0     ;
+----------------------------------------------+-------+


+-----------------------------------------------------------+
; Parameter Settings for User Entity Instance: dividern:div ;
+----------------------+-------+----------------------------+
; Parameter Name       ; Value ; Type                       ;
+----------------------+-------+----------------------------+
; in_freq              ; 50    ; Signed Integer             ;
; out_freq             ; 50    ; Signed Integer             ;
; Toggle_value         ; 1     ; Signed Integer             ;
; clks_per_micro       ; 5     ; Signed Integer             ;
; PWM_cycleTime_microS ; 20    ; Signed Integer             ;
; Ticks_per_cycle      ; 100   ; Signed Integer             ;
; Ticks_minus90_pos    ; 25    ; Signed Integer             ;
; Ticks_centre_pos     ; 75    ; Signed Integer             ;
; Ticks_plus90_pos     ; 125   ; Signed Integer             ;
+----------------------+-------+----------------------------+
Note: In order to hide this table in the UI and the text report file, please set the "Show Parameter Settings in Synthesis Report" option in "Analysis and Synthesis Settings -> More Settings" to "Off".


+-----------------------------------------------------------------------------------+
; Parameter Settings for User Entity Instance: dividern:div|CounterNBit:clk_Counter ;
+----------------+-------+----------------------------------------------------------+
; Parameter Name ; Value ; Type                                                     ;
+----------------+-------+----------------------------------------------------------+
; WIDTH          ; 32    ; Signed Integer                                           ;
; INCREMENT      ; 1     ; Signed Integer                                           ;
; MAX_VALUE      ; 0     ; Signed Integer                                           ;
+----------------+-------+----------------------------------------------------------+
Note: In order to hide this table in the UI and the text report file, please set the "Show Parameter Settings in Synthesis Report" option in "Analysis and Synthesis Settings -> More Settings" to "Off".


+-----------------------------------------------------------------------------------+
; Parameter Settings for User Entity Instance: dividern:div|CounterNBit:pwm_Counter ;
+----------------+-------+----------------------------------------------------------+
; Parameter Name ; Value ; Type                                                     ;
+----------------+-------+----------------------------------------------------------+
; WIDTH          ; 32    ; Signed Integer                                           ;
; INCREMENT      ; 1     ; Signed Integer                                           ;
; MAX_VALUE      ; 100   ; Signed Integer                                           ;
+----------------+-------+----------------------------------------------------------+
Note: In order to hide this table in the UI and the text report file, please set the "Show Parameter Settings in Synthesis Report" option in "Analysis and Synthesis Settings -> More Settings" to "Off".


+----------------------------------------------------------------------+
; Port Connectivity Checks: "dividern:div|Comparator32Bit:clk_compare" ;
+------+-------+----------+--------------------------------------------+
; Port ; Type  ; Severity ; Details                                    ;
+------+-------+----------+--------------------------------------------+
; b    ; Input ; Info     ; Stuck at GND                               ;
+------+-------+----------+--------------------------------------------+


+---------------------------------------------------------------------------------------------------------------------------------------------+
; Port Connectivity Checks: "dividern:div"                                                                                                    ;
+--------------+--------+----------+----------------------------------------------------------------------------------------------------------+
; Port         ; Type   ; Severity ; Details                                                                                                  ;
+--------------+--------+----------+----------------------------------------------------------------------------------------------------------+
; d_duty_cycle ; Input  ; Info     ; Stuck at GND                                                                                             ;
; d_n_clks     ; Output ; Warning  ; Declared by entity but not connected by instance. Logic that only feeds a dangling port will be removed. ;
+--------------+--------+----------+----------------------------------------------------------------------------------------------------------+


+-----------------------------------------------------+
; Post-Synthesis Netlist Statistics for Top Partition ;
+-----------------------+-----------------------------+
; Type                  ; Count                       ;
+-----------------------+-----------------------------+
; arriav_ff             ; 65                          ;
;     ENA CLR SCLR      ; 64                          ;
;     plain             ; 1                           ;
; arriav_lcell_comb     ; 81                          ;
;     arith             ; 64                          ;
;         1 data inputs ; 64                          ;
;     normal            ; 17                          ;
;         1 data inputs ; 1                           ;
;         2 data inputs ; 1                           ;
;         4 data inputs ; 1                           ;
;         5 data inputs ; 3                           ;
;         6 data inputs ; 11                          ;
; boundary_port         ; 37                          ;
;                       ;                             ;
; Max LUT depth         ; 4.10                        ;
; Average LUT depth     ; 3.18                        ;
+-----------------------+-----------------------------+


+-------------------------------+
; Elapsed Time Per Partition    ;
+----------------+--------------+
; Partition Name ; Elapsed Time ;
+----------------+--------------+
; Top            ; 00:00:00     ;
+----------------+--------------+


+-------------------------------+
; Analysis & Synthesis Messages ;
+-------------------------------+
Info: *******************************************************************
Info: Running Quartus Prime Analysis & Synthesis
    Info: Version 17.1.0 Build 590 10/25/2017 SJ Lite Edition
    Info: Processing started: Fri Mar 08 20:28:19 2019
Info: Command: quartus_map --read_settings_files=on --write_settings_files=off clock_divider -c clock_divider
Warning (18236): Number of processors has not been specified which may cause overloading on shared machines.  Set the global assignment NUM_PARALLEL_PROCESSORS in your QSF to an appropriate value for best performance.
Info (20030): Parallel compilation is enabled and will use 2 of the 2 processors detected
Info (12021): Found 1 design units, including 1 entities, in source file dividern.v
    Info (12023): Found entity 1: dividern File: C:/Users/Kasem/Documents/Quartus_Projects/clock_divider2/dividern.v Line: 2
Info (12021): Found 1 design units, including 1 entities, in source file counternbit.v
    Info (12023): Found entity 1: CounterNBit File: C:/Users/Kasem/Documents/Quartus_Projects/clock_divider2/CounterNBit.v Line: 9
Info (12021): Found 1 design units, including 1 entities, in source file comparator32bit.v
    Info (12023): Found entity 1: Comparator32Bit File: C:/Users/Kasem/Documents/Quartus_Projects/clock_divider2/Comparator32Bit.v Line: 16
Info (12021): Found 1 design units, including 1 entities, in source file divider.v
    Info (12023): Found entity 1: divider File: C:/Users/Kasem/Documents/Quartus_Projects/clock_divider2/divider.v Line: 2
Info (12021): Found 1 design units, including 1 entities, in source file clock_divider2.v
    Info (12023): Found entity 1: clock_divider2 File: C:/Users/Kasem/Documents/Quartus_Projects/clock_divider2/clock_divider2.v Line: 54
Info (12021): Found 1 design units, including 1 entities, in source file clk_en_divider.v
    Info (12023): Found entity 1: clk_en_divider File: C:/Users/Kasem/Documents/Quartus_Projects/clock_divider2/clk_en_divider.v Line: 1
Info (12127): Elaborating entity "clock_divider2" for the top level hierarchy
Info (12128): Elaborating entity "dividern" for hierarchy "dividern:div" File: C:/Users/Kasem/Documents/Quartus_Projects/clock_divider2/clock_divider2.v Line: 109
Warning (10034): Output port "d_n_clks" at dividern.v(27) has no driver File: C:/Users/Kasem/Documents/Quartus_Projects/clock_divider2/dividern.v Line: 27
Info (12128): Elaborating entity "CounterNBit" for hierarchy "dividern:div|CounterNBit:clk_Counter" File: C:/Users/Kasem/Documents/Quartus_Projects/clock_divider2/dividern.v Line: 77
Info (12128): Elaborating entity "Comparator32Bit" for hierarchy "dividern:div|Comparator32Bit:clk_compare" File: C:/Users/Kasem/Documents/Quartus_Projects/clock_divider2/dividern.v Line: 84
Info (12128): Elaborating entity "CounterNBit" for hierarchy "dividern:div|CounterNBit:pwm_Counter" File: C:/Users/Kasem/Documents/Quartus_Projects/clock_divider2/dividern.v Line: 96
Warning (12241): 1 hierarchies have connectivity warnings - see the Connectivity Checks report folder
Info (286030): Timing-Driven Synthesis is running
Info (16010): Generating hard_block partition "hard_block:auto_generated_inst"
    Info (16011): Adding 0 node(s), including 0 DDIO, 0 PLL, 0 transceiver and 0 LCELL
Info (21057): Implemented 117 device resources after synthesis - the final resource count might be different
    Info (21058): Implemented 3 input pins
    Info (21059): Implemented 34 output pins
    Info (21061): Implemented 80 logic cells
Info: Quartus Prime Analysis & Synthesis was successful. 0 errors, 3 warnings
    Info: Peak virtual memory: 4820 megabytes
    Info: Processing ended: Fri Mar 08 20:28:38 2019
    Info: Elapsed time: 00:00:19
    Info: Total CPU time (on all processors): 00:00:42


